<?xml version="1.0" encoding="UTF-8"?>
<coverage generated="1698691130411" clover="3.2.0">
  <project timestamp="1698691130412" name="All files">
    <metrics statements="19" coveredstatements="19" conditionals="4" coveredconditionals="4" methods="9" coveredmethods="9" elements="32" coveredelements="32" complexity="0" loc="19" ncloc="19" packages="1" files="3" classes="3"/>
    <file name="autor.js" path="C:\Users\maria\Downloads\livros-main\livros-main\autor.js">
      <metrics statements="2" coveredstatements="2" conditionals="0" coveredconditionals="0" methods="1" coveredmethods="1"/>
      <line num="3" count="3" type="stmt"/>
      <line num="4" count="3" type="stmt"/>
    </file>
    <file name="editora.js" path="C:\Users\maria\Downloads\livros-main\livros-main\editora.js">
      <metrics statements="3" coveredstatements="3" conditionals="0" coveredconditionals="0" methods="1" coveredmethods="1"/>
      <line num="3" count="3" type="stmt"/>
      <line num="4" count="3" type="stmt"/>
      <line num="5" count="3" type="stmt"/>
    </file>
    <file name="livro.js" path="C:\Users\maria\Downloads\livros-main\livros-main\livro.js">
      <metrics statements="14" coveredstatements="14" conditionals="4" coveredconditionals="4" methods="7" coveredmethods="7"/>
      <line num="3" count="7" type="stmt"/>
      <line num="4" count="7" type="stmt"/>
      <line num="5" count="7" type="stmt"/>
      <line num="6" count="7" type="stmt"/>
      <line num="7" count="7" type="stmt"/>
      <line num="8" count="7" type="stmt"/>
      <line num="12" count="1" type="stmt"/>
      <line num="16" count="1" type="stmt"/>
      <line num="20" count="2" type="stmt"/>
      <line num="24" count="2" type="stmt"/>
      <line num="28" count="2" type="stmt"/>
      <line num="32" count="2" type="cond" truecount="4" falsecount="0"/>
      <line num="33" count="1" type="stmt"/>
      <line num="36" count="1" type="stmt"/>
    </file>
  </project>
</coverage>
